<?xml version="1.0" encoding="UTF-8"?>
<!-- Generated by org.testng.reporters.JUnitReportReporter -->
<testsuite hostname="DESKTOP-JV04B69" failures="0" tests="2" name="FirstTest" time="0.097" errors="0" timestamp="2022-09-22T13:36:52 MSK" skipped="0">
  <testcase classname="FirstTest" name="checkAnybody" time="0.094"/>
  <system-out/>
  <testcase classname="FirstTest" name="checkSome" time="0.003"/>
  <system-out/>
</testsuite> <!-- FirstTest -->
